<?xml version="1.0" encoding="UTF-8"?>
<!-- Generated by org.testng.reporters.JUnitXMLReporter -->
<testsuite ignored="0" hostname="DESKTOP-BUP1JBK" failures="0" tests="4" name="Test" time="182.372" errors="0" timestamp="2022-06-28T13:13:46 IST">
  <testcase classname="test.ZerodhaSignUpPageTest" name="signUpPage" time="6.64"/>
  <testcase classname="test.ZerodhaLoginPageTest" name="loginTest" time="13.594"/>
  <testcase classname="test.ZerodhaHomePageTest" name="homePageTest" time="12.809"/>
  <testcase classname="test.ZerodhaHomePageTest" name="test" time="5.231"/>
</testsuite> <!-- Test -->
